-8 -7
-2 -1
-109 21
-8 16
-10 15
0 0
0 0
0 0
0 0
2 -5
0 0
0 0
0 0
-1 1
-2 8
0 0
0 0
0 -1
0 -1
0 0
-148 -26
-82 -7
-144 8
-92 -112
-7 -5
-27 -60
-36 -67
-28 -43
-21 -12
-1 0
-20 -10
-2 29
-21 3
-22 6
-24 0
-21 2
-20 1
-16 1
-15 1
-15 -1
-10 -1
-5 -1
3 -6
13 -6
30 0
33 -3
22 -10
14 -16
-61 5
9 1
7 3
5 2
4 0
3 -2
-3 -4
-11 -5
-10 -3
7 -19
-6 0
-8 4
-11 17
-9 4
-7 -2
-38 -12
-7 0
-5 0
-3 -2
-3 -1
-1 -2
1 0
8 4
11 9
5 -2
4 -9
0 -4
-4 -8
-7 -10
-8 -10
-6 -9
-7 -5
-6 -7
-4 -4
0 -5
-2 0
4 -2
-1 0
2 -1
13 7
7 10
-4 3
-53 -16
3 1
4 7
5 9
5 7
5 3
5 1
1 0
-1 0
0 0
-1 0
3 0
-2 -5
-14 -5
-20 -1
-18 -2
-15 0
-15 0
-14 1
-12 0
-11 -3
-10 -3
-5 0
0 1
1 0
1 -1
0 2
0 2
-4 -8
-5 -15
-2 -6
-4 -2
-6 -5
-12 0
-8 15
-3 1
-25 15
-45 -29
-27 -21
-37 -46
-170 -10
3 -23
-25 -17
-96 -48
-156 24
-125 7
-117 52
-15 9
-1 1
-1 0
-2 0
-2 1
0 1
0 0
0 0
0 0
0 0
0 0
0 0
