-206 -50
-53 -45
-65 -71
-26 13
1 -1
-1 0
-10 4
-3 2
-1 0
0 0
0 0
0 -3
-1 0
-1 0
0 0
0 0
-4 9
-5 -19
-225 -138
-105 118
-35 -117
-15 -3
7 -10
-4 -14
3 4
0 -23
5 -4
-1 -45
28 -3
19 -1
27 0
15 -6
16 -14
4 -30
-45 -10
3 1
3 0
2 0
2 -3
-16 -3
-2 6
-14 0
-8 33
-16 21
-18 4
-22 4
-18 2
-16 0
-15 0
-12 0
-9 0
-8 0
-4 2
-2 -1
1 1
1 2
6 2
9 1
13 -1
14 -2
14 0
11 -1
7 0
12 -1
10 -5
-61 -38
-19 -27
0 -20
-5 -18
-4 -9
0 -3
-2 -3
-4 -4
-1 -1
0 -5
-3 -3
-5 -3
-2 -9
-5 -13
-5 -14
-3 -13
-2 -13
2 -8
15 -12
-16 -1
-8 -5
-4 -3
-3 -2
-1 -1
0 -3
0 -2
-1 -4
-2 -7
-2 -7
-5 -15
-3 -8
0 9
6 33
-1 53
-13 46
-159 -47
-9 5
-75 -12
-6 2
-72 3
-10 -6
-5 -7
-4 -5
-1 -2
-2 1
-2 0
-2 -1
0 3
0 2
0 1
1 2
0 1
1 2
2 -1
2 -1
0 -4
-5 -4
-6 -4
-6 -3
-11 -19
-20 -22
-17 -11
-16 -6
-12 11
-23 -6
-9 6
-12 -9
-4 -6
-31 -4
-2 -6
0 -9
-75 -36
-143 -5
-87 -9
-15 -232
-154 -14
-45 9
-130 24
-126 -24
-76 -119
-8 17
-1 1
